<?xml version="1.0" encoding="UTF-8"?>
<testng-results skipped="0" failed="0" total="1" passed="1">
  <reporter-output>
  </reporter-output>
  <suite name="Default suite" duration-ms="176866" started-at="2017-02-02T07:51:34Z" finished-at="2017-02-02T07:54:31Z">
    <groups>
    </groups>
    <test name="Default test" duration-ms="176866" started-at="2017-02-02T07:51:34Z" finished-at="2017-02-02T07:54:31Z">
      <class name="testCases.Indeed">
        <test-method status="PASS" signature="beforeSuite()[pri:0, instance:testCases.Indeed@54d18072]" name="beforeSuite" is-config="true" duration-ms="149" started-at="2017-02-02T13:21:34Z" finished-at="2017-02-02T13:21:34Z">
          <reporter-output>
          </reporter-output>
        </test-method> <!-- beforeSuite -->
        <test-method status="PASS" signature="executeScript()[pri:0, instance:testCases.Indeed@54d18072]" name="executeScript" duration-ms="176854" started-at="2017-02-02T13:21:34Z" finished-at="2017-02-02T13:24:31Z">
          <reporter-output>
          </reporter-output>
        </test-method> <!-- executeScript -->
        <test-method status="PASS" signature="afterSuite()[pri:0, instance:testCases.Indeed@54d18072]" name="afterSuite" is-config="true" duration-ms="38091" started-at="2017-02-02T13:24:31Z" finished-at="2017-02-02T13:25:09Z">
          <reporter-output>
          </reporter-output>
        </test-method> <!-- afterSuite -->
      </class> <!-- testCases.Indeed -->
    </test> <!-- Default test -->
  </suite> <!-- Default suite -->
</testng-results>
